#
# There is insufficient memory for the Java Runtime Environment to continue.
# Native memory allocation (malloc) failed to allocate 1048576 bytes for AllocateHeap
# Possible reasons:
#   The system is out of physical RAM or swap space
#   In 32 bit mode, the process size limit was hit
# Possible solutions:
#   Reduce memory load on the system
#   Increase physical memory or swap space
#   Check if swap backing store is full
#   Use 64 bit Java on a 64 bit OS
#   Decrease Java heap size (-Xmx/-Xms)
#   Decrease number of Java threads
#   Decrease Java thread stack sizes (-Xss)
#   Set larger code cache with -XX:ReservedCodeCacheSize=
# This output file may be truncated or incomplete.
#
#  Out of Memory Error (memory/allocation.inline.hpp:61), pid=34740, tid=0x00000000000094a0
#
# JRE version:  (8.0_121-b13) (build )
# Java VM: Java HotSpot(TM) 64-Bit Server VM (25.121-b13 mixed mode windows-amd64 compressed oops)
# Failed to write core dump. Minidumps are not enabled by default on client versions of Windows
#

---------------  T H R E A D  ---------------

Current thread (0x0000000004e13800):  JavaThread "Unknown thread" [_thread_in_vm, id=38048, stack(0x0000000004b40000,0x0000000004c40000)]

Stack: [0x0000000004b40000,0x0000000004c40000]
[error occurred during error reporting (printing stack bounds), id 0xc0000005]

Native frames: (J=compiled Java code, j=interpreted, Vv=VM code, C=native code)


---------------  P R O C E S S  ---------------

Java Threads: ( => current thread )

Other Threads:

=>0x0000000004e13800 (exited) JavaThread "Unknown thread" [_thread_in_vm, id=38048, stack(0x0000000004b40000,0x0000000004c40000)]

VM state:not at safepoint (normal execution)

VM Mutex/Monitor currently owned by a thread: None

Heap:
 PSYoungGen      total 37888K, used 655K [0x00000000d6500000, 0x00000000d8f00000, 0x0000000100000000)
  eden space 32768K, 2% used [0x00000000d6500000,0x00000000d65a3d80,0x00000000d8500000)
  from space 5120K, 0% used [0x00000000d8a00000,0x00000000d8a00000,0x00000000d8f00000)
  to   space 5120K, 0% used [0x00000000d8500000,0x00000000d8500000,0x00000000d8a00000)
 ParOldGen       total 86016K, used 0K [0x0000000082e00000, 0x0000000088200000, 0x00000000d6500000)
  object space 86016K, 0% used [0x0000000082e00000,0x0000000082e00000,0x0000000088200000)
 Metaspace       used 770K, capacity 4480K, committed 4480K, reserved 1056768K
  class space    used 75K, capacity 384K, committed 384K, reserved 1048576K

Card table byte_map: [0x00000000142d0000,0x00000000146c0000] byte_map_base: 0x0000000013eb9000

Marking Bits: (ParMarkBitMap*) 0x000000005fc9b6d0
 Begin Bits: [0x0000000015160000, 0x00000000170a8000)
 End Bits:   [0x00000000170a8000, 0x0000000018ff0000)

Polling page: 0x0000000002f30000

CodeCache: size=245760Kb used=328Kb max_used=328Kb free=245431Kb
 bounds [0x0000000004f10000, 0x0000000005180000, 0x0000000013f10000]
 total_blobs=58 nmethods=0 adapters=38
 compilation: enabled

Compilation events (0 events):
No events

GC Heap History (0 events):
No events

Deoptimization events (0 events):
No events

Internal exceptions (0 events):
No events

Events (10 events):
Event: 0.036 loading class java/lang/Short
Event: 0.036 loading class java/lang/Short done
Event: 0.036 loading class java/lang/Integer
Event: 0.036 loading class java/lang/Integer done
Event: 0.036 loading class java/lang/Long
Event: 0.037 loading class java/lang/Long done
Event: 0.037 loading class java/lang/NullPointerException
Event: 0.037 loading class java/lang/NullPointerException done
Event: 0.037 loading class java/lang/ArithmeticException
Event: 0.037 loading class java/lang/ArithmeticException done


Dynamic libraries:
0x00007ff6acc80000 - 0x00007ff6accb7000 	C:\Java\jdk1.8\bin\java.exe
0x00007ffb9f470000 - 0x00007ffb9f650000 	C:\WINDOWS\SYSTEM32\ntdll.dll
0x00007ffb9ca20000 - 0x00007ffb9cace000 	C:\WINDOWS\System32\KERNEL32.DLL
0x00007ffb9ba60000 - 0x00007ffb9bcc6000 	C:\WINDOWS\System32\KERNELBASE.dll
0x00007ffb9ecd0000 - 0x00007ffb9ed71000 	C:\WINDOWS\System32\ADVAPI32.dll
0x00007ffb9e620000 - 0x00007ffb9e6bd000 	C:\WINDOWS\System32\msvcrt.dll
0x00007ffb9cf10000 - 0x00007ffb9cf6b000 	C:\WINDOWS\System32\sechost.dll
0x00007ffb9d0c0000 - 0x00007ffb9d1df000 	C:\WINDOWS\System32\RPCRT4.dll
0x00007ffb9e6f0000 - 0x00007ffb9e87f000 	C:\WINDOWS\System32\USER32.dll
0x00007ffb9b870000 - 0x00007ffb9b890000 	C:\WINDOWS\System32\win32u.dll
0x00007ffb9e6c0000 - 0x00007ffb9e6e8000 	C:\WINDOWS\System32\GDI32.dll
0x00007ffb9bdd0000 - 0x00007ffb9bf63000 	C:\WINDOWS\System32\gdi32full.dll
0x00007ffb9c8a0000 - 0x00007ffb9c93b000 	C:\WINDOWS\System32\msvcp_win.dll
0x00007ffb9bcd0000 - 0x00007ffb9bdc6000 	C:\WINDOWS\System32\ucrtbase.dll
0x00007ffb883f0000 - 0x00007ffb88659000 	C:\WINDOWS\WinSxS\amd64_microsoft.windows.common-controls_6595b64144ccf1df_6.0.16299.371_none_15c7d1789365a290\COMCTL32.dll
0x00007ffb9eed0000 - 0x00007ffb9f1d8000 	C:\WINDOWS\System32\combase.dll
0x00007ffb9c7c0000 - 0x00007ffb9c832000 	C:\WINDOWS\System32\bcryptPrimitives.dll
0x00007ffb9c9f0000 - 0x00007ffb9ca1d000 	C:\WINDOWS\System32\IMM32.DLL
0x000000005fd20000 - 0x000000005fdf2000 	C:\Java\jdk1.8\jre\bin\msvcr100.dll
0x000000005f480000 - 0x000000005fd1b000 	C:\Java\jdk1.8\jre\bin\server\jvm.dll
0x00007ffb9f1e0000 - 0x00007ffb9f1e8000 	C:\WINDOWS\System32\PSAPI.DLL
0x00007ffb8f570000 - 0x00007ffb8f57a000 	C:\WINDOWS\SYSTEM32\VERSION.dll
0x00007ffb8d0e0000 - 0x00007ffb8d0e9000 	C:\WINDOWS\SYSTEM32\WSOCK32.dll
0x00007ffb99b60000 - 0x00007ffb99b83000 	C:\WINDOWS\SYSTEM32\WINMM.dll
0x00007ffb9cf70000 - 0x00007ffb9cfdc000 	C:\WINDOWS\System32\WS2_32.dll
0x00007ffb99a20000 - 0x00007ffb99a4a000 	C:\WINDOWS\SYSTEM32\WINMMBASE.dll
0x00007ffb9c770000 - 0x00007ffb9c7ba000 	C:\WINDOWS\System32\cfgmgr32.dll
0x000000005f470000 - 0x000000005f47f000 	C:\Java\jdk1.8\jre\bin\verify.dll
0x000000005f440000 - 0x000000005f469000 	C:\Java\jdk1.8\jre\bin\java.dll
0x000000005f3f0000 - 0x000000005f413000 	C:\Java\jdk1.8\jre\bin\instrument.dll
0x000000005f420000 - 0x000000005f436000 	C:\Java\jdk1.8\jre\bin\zip.dll

VM Arguments:
jvm_args: -javaagent:C:\Program Files\JetBrains\IntelliJ IDEA 2017.3.4\lib\idea_rt.jar=9057:C:\Program Files\JetBrains\IntelliJ IDEA 2017.3.4\bin -Dfile.encoding=UTF-8 
java_command: javaLotto.ConsoleMain
java_class_path (initial): C:\Java\jdk1.8\jre\lib\charsets.jar;C:\Java\jdk1.8\jre\lib\deploy.jar;C:\Java\jdk1.8\jre\lib\ext\access-bridge-64.jar;C:\Java\jdk1.8\jre\lib\ext\cldrdata.jar;C:\Java\jdk1.8\jre\lib\ext\dnsns.jar;C:\Java\jdk1.8\jre\lib\ext\jaccess.jar;C:\Java\jdk1.8\jre\lib\ext\jfxrt.jar;C:\Java\jdk1.8\jre\lib\ext\localedata.jar;C:\Java\jdk1.8\jre\lib\ext\nashorn.jar;C:\Java\jdk1.8\jre\lib\ext\sunec.jar;C:\Java\jdk1.8\jre\lib\ext\sunjce_provider.jar;C:\Java\jdk1.8\jre\lib\ext\sunmscapi.jar;C:\Java\jdk1.8\jre\lib\ext\sunpkcs11.jar;C:\Java\jdk1.8\jre\lib\ext\zipfs.jar;C:\Java\jdk1.8\jre\lib\javaws.jar;C:\Java\jdk1.8\jre\lib\jce.jar;C:\Java\jdk1.8\jre\lib\jfr.jar;C:\Java\jdk1.8\jre\lib\jfxswt.jar;C:\Java\jdk1.8\jre\lib\jsse.jar;C:\Java\jdk1.8\jre\lib\management-agent.jar;C:\Java\jdk1.8\jre\lib\plugin.jar;C:\Java\jdk1.8\jre\lib\resources.jar;C:\Java\jdk1.8\jre\lib\rt.jar;C:\study\java-lotto\out\production\classes;C:\study\java-lotto\out\production\resources;C:\Users\yoon\.gradle\caches\modules-2\files-2.1\com.sparkjava\spark-core\2.6.0\a6cb0e70a18dd4f457cd7217222956da6db7ca23\spark-core-2.6.0.jar;C:\Users\yoon\.gradle\caches\modules-2\files-2.1\com.sparkjava\spark-template-handlebars\2.5.5\6b7bffecca1d9343fac373d4183b2bce1a0f5fb5\spark-template-handlebars-2.5.5.jar;C:\Users\yoon\.gradle\caches\modules-2\files-2.1\ch.qos.logback\logback-classic\1.2.3\7c4f3c474fb2c041d8028740440937705ebb473a\logback-classic-1.2.3.jar;C:\Users\yoon\.gradle\caches\modules-2\files-2.1\org.eclipse.jetty\jetty-server\9.4.4.v20170414\d968aa111177962d476cb665e43fcbc3b9835bdf\jetty-server-9.4.4.v20170414.jar;C:\Users\yoon\.gradle\caches\modules-2\files-2.1\org.eclipse.jetty\jetty-webapp\9.4.4.v20170414\d2a10c903d5f1894275097d7a0dd7ddb561ec2ec\jetty-webapp-9.4.4.v20170414.jar;C:\Users\yoon\.gradle\caches\modules-2\files-2.1\org.eclipse.jetty.websocket\websocket-server\9.4.4.v20170414\7f454a57892d32f758267a04fe0d60af86e1676e\websocket-server-9.4.4.v20170414.jar;C:\Users\yoon\.gradle\cach
Launcher Type: SUN_STANDARD

Environment Variables:
JAVA_HOME=C:\Java\jdk1.8
PATH=C:\ProgramData\Oracle\Java\javapath;C:\WINDOWS\system32;C:\WINDOWS;C:\WINDOWS\System32\Wbem;C:\WINDOWS\System32\WindowsPowerShell\v1.0\;C:\Java\jdk1.8\bin;C:\Program Files (x86)\Git\cmd;C:\Program Files (x86)\Skype\Phone\;C:\Users\yoon\AppData\Local\Microsoft\WindowsApps;
USERNAME=yoon
OS=Windows_NT
PROCESSOR_IDENTIFIER=Intel64 Family 6 Model 71 Stepping 1, GenuineIntel



---------------  S Y S T E M  ---------------

OS: Windows 10.0 , 64 bit Build 16299 (10.0.16299.15)

CPU:total 8 (4 cores per cpu, 2 threads per core) family 6 model 71 stepping 1, cmov, cx8, fxsr, mmx, sse, sse2, sse3, ssse3, sse4.1, sse4.2, popcnt, avx, avx2, aes, clmul, erms, rtm, 3dnowpref, lzcnt, ht, tsc, tscinvbit, bmi1, bmi2, adx

Memory: 4k page, physical 8193540k(2244240k free), swap 22543016k(5548k free)

vm_info: Java HotSpot(TM) 64-Bit Server VM (25.121-b13) for windows-amd64 JRE (1.8.0_121-b13), built on Dec 12 2016 18:21:36 by "java_re" with MS VC++ 10.0 (VS2010)

time: Sun Apr 15 23:58:23 2018
elapsed time: 0 seconds (0d 0h 0m 0s)

